# JRE version: OpenJDK Runtime Environment JBR-11.0.9.1.11-1145.77-jcef (11.0.9.1+11) (build 11.0.9.1+11-b1145.77)
# Java VM: OpenJDK 64-Bit Server VM JBR-11.0.9.1.11-1145.77-jcef (11.0.9.1+11-b1145.77, mixed mode, tiered, compressed oops, g1 gc, windows-amd64)
Heap:
 garbage-first heap   total 262144K, used 113176K [0x0000000080000000, 0x0000000100000000)
  region size 1024K, 87 young (89088K), 7 survivors (7168K)
 Metaspace       used 41371K, capacity 42354K, committed 42544K, reserved 1085440K
  class space    used 5307K, capacity 5635K, committed 5760K, reserved 1048576K
GC Heap History (8 events):
Event: 0.635 GC heap before
{Heap before GC invocations=0 (full 0):
 garbage-first heap   total 262144K, used 29696K [0x0000000080000000, 0x0000000100000000)
  region size 1024K, 24 young (24576K), 0 survivors (0K)
 Metaspace       used 10752K, capacity 11000K, committed 11264K, reserved 1058816K
  class space    used 1138K, capacity 1200K, committed 1280K, reserved 1048576K
}
Event: 0.638 GC heap after
{Heap after GC invocations=1 (full 0):
 garbage-first heap   total 262144K, used 8632K [0x0000000080000000, 0x0000000100000000)
  region size 1024K, 3 young (3072K), 3 survivors (3072K)
 Metaspace       used 10752K, capacity 11000K, committed 11264K, reserved 1058816K
  class space    used 1138K, capacity 1200K, committed 1280K, reserved 1048576K
}
Event: 1.882 GC heap before
{Heap before GC invocations=1 (full 0):
 garbage-first heap   total 262144K, used 89528K [0x0000000080000000, 0x0000000100000000)
  region size 1024K, 84 young (86016K), 3 survivors (3072K)
 Metaspace       used 20675K, capacity 21168K, committed 21296K, reserved 1069056K
  class space    used 2484K, capacity 2636K, committed 2688K, reserved 1048576K
}
Event: 1.888 GC heap after
{Heap after GC invocations=2 (full 0):
 garbage-first heap   total 262144K, used 16039K [0x0000000080000000, 0x0000000100000000)
  region size 1024K, 11 young (11264K), 11 survivors (11264K)
 Metaspace       used 20675K, capacity 21168K, committed 21296K, reserved 1069056K
  class space    used 2484K, capacity 2636K, committed 2688K, reserved 1048576K
}
Event: 2.101 GC heap before
{Heap before GC invocations=3 (full 0):
 garbage-first heap   total 262144K, used 37543K [0x0000000080000000, 0x0000000100000000)
  region size 1024K, 32 young (32768K), 11 survivors (11264K)
 Metaspace       used 23584K, capacity 24147K, committed 24368K, reserved 1071104K
  class space    used 2942K, capacity 3123K, committed 3200K, reserved 1048576K
}
Event: 2.106 GC heap after
{Heap after GC invocations=4 (full 0):
 garbage-first heap   total 262144K, used 16567K [0x0000000080000000, 0x0000000100000000)
  region size 1024K, 2 young (2048K), 2 survivors (2048K)
 Metaspace       used 23584K, capacity 24147K, committed 24368K, reserved 1071104K
  class space    used 2942K, capacity 3123K, committed 3200K, reserved 1048576K
}
Event: 2.895 GC heap before
{Heap before GC invocations=4 (full 0):
 garbage-first heap   total 262144K, used 98487K [0x0000000080000000, 0x0000000100000000)
  region size 1024K, 72 young (73728K), 2 survivors (2048K)
 Metaspace       used 35051K, capacity 35756K, committed 35888K, reserved 1081344K
  class space    used 4395K, capacity 4658K, committed 4736K, reserved 1048576K
}
Event: 2.902 GC heap after
{Heap after GC invocations=5 (full 0):
 garbage-first heap   total 262144K, used 33304K [0x0000000080000000, 0x0000000100000000)
  region size 1024K, 7 young (7168K), 7 survivors (7168K)
 Metaspace       used 35051K, capacity 35756K, committed 35888K, reserved 1081344K
  class space    used 4395K, capacity 4658K, committed 4736K, reserved 1048576K
}

